2025-08-16 13:54:15,030 INFO    : [🟢 GO] 🚦 Lights out! First scan…
2025-08-16 13:54:15,030 INFO    : [🟢 GO] 🏁 Starting formation lap (0 stored updates)
2025-08-16 13:54:15,746 WARNING : [⚠️ YELLOW] ⚠️ HTTP 503 @ https://www.sport-express.ru/autosport/formula1/news/stalo-izvestno-kakie-dokumenty-hemilton-otpravil-ferrari-2351153/
2025-08-16 13:54:16,486 WARNING : [⚠️ YELLOW] ⚠️ HTTP 503 @ https://www.sport-express.ru/autosport/formula1/news/stalo-izvestno-kakie-dokumenty-hemilton-otpravil-ferrari-2351153/
2025-08-16 13:54:16,545 ERROR   : [🛑 RED] 📡 Broadcast failure @ https://www.f1news.ru/news/f1-183584.html: A request to the Telegram API was unsuccessful. Error code: 401. Description: Unauthorized
2025-08-16 13:54:16,634 ERROR   : [🛑 RED] 📡 Fallback failed @ https://www.f1news.ru/news/f1-183584.html: A request to the Telegram API was unsuccessful. Error code: 401. Description: Unauthorized
2025-08-16 13:54:16,715 ERROR   : [🛑 RED] 📡 Broadcast failure @ https://www.championat.com/auto/news-6127536-possorilsya-s-parikmaherom-i-poteryal-britvu-rikkardo-o-novom-obraze.html: A request to the Telegram API was unsuccessful. Error code: 401. Description: Unauthorized
2025-08-16 13:54:16,803 ERROR   : [🛑 RED] 📡 Fallback failed @ https://www.championat.com/auto/news-6127536-possorilsya-s-parikmaherom-i-poteryal-britvu-rikkardo-o-novom-obraze.html: A request to the Telegram API was unsuccessful. Error code: 401. Description: Unauthorized
2025-08-16 13:54:17,419 ERROR   : [🛑 RED] 📡 Broadcast failure @ https://www.f1news.ru/news/f1-183583.html: A request to the Telegram API was unsuccessful. Error code: 401. Description: Unauthorized
2025-08-16 13:54:17,509 ERROR   : [🛑 RED] 📡 Fallback failed @ https://www.f1news.ru/news/f1-183583.html: A request to the Telegram API was unsuccessful. Error code: 401. Description: Unauthorized
2025-08-16 13:54:17,585 ERROR   : [🛑 RED] 📡 Broadcast failure @ https://www.championat.com/auto/news-6127502-lekler-vassyor-ochen-zabavnyj-on-rukovodit-komandoj-blagodarya-svoemu-chuvstvu-yumora.html: A request to the Telegram API was unsuccessful. Error code: 401. Description: Unauthorized
2025-08-16 13:54:17,671 ERROR   : [🛑 RED] 📡 Fallback failed @ https://www.championat.com/auto/news-6127502-lekler-vassyor-ochen-zabavnyj-on-rukovodit-komandoj-blagodarya-svoemu-chuvstvu-yumora.html: A request to the Telegram API was unsuccessful. Error code: 401. Description: Unauthorized
2025-08-16 13:54:17,827 WARNING : [⚠️ YELLOW] ⚠️ HTTP 503 @ https://www.sport-express.ru/autosport/formula1/news/stalo-izvestno-kakie-dokumenty-hemilton-otpravil-ferrari-2351153/
2025-08-16 13:54:17,907 ERROR   : [🛑 RED] 📡 Broadcast failure @ https://www.sport-express.ru/autosport/formula1/news/stalo-izvestno-kakie-dokumenty-hemilton-otpravil-ferrari-2351153/: A request to the Telegram API was unsuccessful. Error code: 401. Description: Unauthorized
2025-08-16 13:54:17,994 ERROR   : [🛑 RED] 📡 Fallback failed @ https://www.sport-express.ru/autosport/formula1/news/stalo-izvestno-kakie-dokumenty-hemilton-otpravil-ferrari-2351153/: A request to the Telegram API was unsuccessful. Error code: 401. Description: Unauthorized
2025-08-16 13:54:18,291 ERROR   : [🛑 RED] 📡 Broadcast failure @ https://www.f1news.ru/news/f1-183582.html: A request to the Telegram API was unsuccessful. Error code: 401. Description: Unauthorized
2025-08-16 13:54:18,377 ERROR   : [🛑 RED] 📡 Fallback failed @ https://www.f1news.ru/news/f1-183582.html: A request to the Telegram API was unsuccessful. Error code: 401. Description: Unauthorized
2025-08-16 13:54:18,453 ERROR   : [🛑 RED] 📡 Broadcast failure @ https://www.championat.com/auto/news-6127348-norris-o-borbe-za-titul-poka-predostavlyal-sebe-ne-samye-luchshie-vozmozhnosti.html: A request to the Telegram API was unsuccessful. Error code: 401. Description: Unauthorized
2025-08-16 13:54:18,539 ERROR   : [🛑 RED] 📡 Fallback failed @ https://www.championat.com/auto/news-6127348-norris-o-borbe-za-titul-poka-predostavlyal-sebe-ne-samye-luchshie-vozmozhnosti.html: A request to the Telegram API was unsuccessful. Error code: 401. Description: Unauthorized
2025-08-16 13:54:19,127 WARNING : [⚠️ YELLOW] ⚠️ HTTP 503 @ https://www.sport-express.ru/autosport/formula1/news/ekklstoun-zayavil-chto-mechtal-provesti-gonku-formuly-1-na-krasnoy-ploschadi-2350835/
2025-08-16 13:54:19,159 ERROR   : [🛑 RED] 📡 Broadcast failure @ https://www.f1news.ru/news/f1-183581.html: A request to the Telegram API was unsuccessful. Error code: 401. Description: Unauthorized
2025-08-16 13:54:19,246 ERROR   : [🛑 RED] 📡 Fallback failed @ https://www.f1news.ru/news/f1-183581.html: A request to the Telegram API was unsuccessful. Error code: 401. Description: Unauthorized
2025-08-16 13:54:19,321 ERROR   : [🛑 RED] 📡 Broadcast failure @ https://www.championat.com/auto/news-6127252-lekler-osoznanie-chto-vassyor-budet-ryadom-so-mnoj-dolgie-gody-vselyaet-optimizm.html: A request to the Telegram API was unsuccessful. Error code: 401. Description: Unauthorized
2025-08-16 13:54:19,408 ERROR   : [🛑 RED] 📡 Fallback failed @ https://www.championat.com/auto/news-6127252-lekler-osoznanie-chto-vassyor-budet-ryadom-so-mnoj-dolgie-gody-vselyaet-optimizm.html: A request to the Telegram API was unsuccessful. Error code: 401. Description: Unauthorized
2025-08-16 13:54:19,878 WARNING : [⚠️ YELLOW] ⚠️ HTTP 503 @ https://www.sport-express.ru/autosport/formula1/news/ekklstoun-zayavil-chto-mechtal-provesti-gonku-formuly-1-na-krasnoy-ploschadi-2350835/
2025-08-16 13:54:20,027 ERROR   : [🛑 RED] 📡 Broadcast failure @ https://www.f1news.ru/news/f1-183580.html: A request to the Telegram API was unsuccessful. Error code: 401. Description: Unauthorized
2025-08-16 13:54:20,113 ERROR   : [🛑 RED] 📡 Fallback failed @ https://www.f1news.ru/news/f1-183580.html: A request to the Telegram API was unsuccessful. Error code: 401. Description: Unauthorized
2025-08-16 13:54:20,192 ERROR   : [🛑 RED] 📡 Broadcast failure @ https://www.championat.com/auto/news-6127230-vyhodit-za-ramki-populyarnyj-veduschij-opisal-rabotu-s-ferstappenom.html: A request to the Telegram API was unsuccessful. Error code: 401. Description: Unauthorized
2025-08-16 13:54:20,279 ERROR   : [🛑 RED] 📡 Fallback failed @ https://www.championat.com/auto/news-6127230-vyhodit-za-ramki-populyarnyj-veduschij-opisal-rabotu-s-ferstappenom.html: A request to the Telegram API was unsuccessful. Error code: 401. Description: Unauthorized
2025-08-16 13:54:20,897 ERROR   : [🛑 RED] 📡 Broadcast failure @ https://www.f1news.ru/news/f1-183579.html: A request to the Telegram API was unsuccessful. Error code: 401. Description: Unauthorized
2025-08-16 13:54:20,985 ERROR   : [🛑 RED] 📡 Fallback failed @ https://www.f1news.ru/news/f1-183579.html: A request to the Telegram API was unsuccessful. Error code: 401. Description: Unauthorized
2025-08-16 13:54:21,065 ERROR   : [🛑 RED] 📡 Broadcast failure @ https://www.championat.com/auto/news-6126998-vot-pochemu-podpisal-kontrakt-hemilton-o-rabote-v-ferrari.html: A request to the Telegram API was unsuccessful. Error code: 401. Description: Unauthorized
2025-08-16 13:54:21,152 ERROR   : [🛑 RED] 📡 Fallback failed @ https://www.championat.com/auto/news-6126998-vot-pochemu-podpisal-kontrakt-hemilton-o-rabote-v-ferrari.html: A request to the Telegram API was unsuccessful. Error code: 401. Description: Unauthorized
2025-08-16 13:54:21,226 WARNING : [⚠️ YELLOW] ⚠️ HTTP 503 @ https://www.sport-express.ru/autosport/formula1/news/ekklstoun-zayavil-chto-mechtal-provesti-gonku-formuly-1-na-krasnoy-ploschadi-2350835/
2025-08-16 13:54:21,309 ERROR   : [🛑 RED] 📡 Broadcast failure @ https://www.sport-express.ru/autosport/formula1/news/ekklstoun-zayavil-chto-mechtal-provesti-gonku-formuly-1-na-krasnoy-ploschadi-2350835/: A request to the Telegram API was unsuccessful. Error code: 401. Description: Unauthorized
2025-08-16 13:54:21,399 ERROR   : [🛑 RED] 📡 Fallback failed @ https://www.sport-express.ru/autosport/formula1/news/ekklstoun-zayavil-chto-mechtal-provesti-gonku-formuly-1-na-krasnoy-ploschadi-2350835/: A request to the Telegram API was unsuccessful. Error code: 401. Description: Unauthorized
2025-08-16 13:54:21,768 ERROR   : [🛑 RED] 📡 Broadcast failure @ https://www.f1news.ru/news/f1-183578.html: A request to the Telegram API was unsuccessful. Error code: 401. Description: Unauthorized
2025-08-16 13:54:21,855 ERROR   : [🛑 RED] 📡 Fallback failed @ https://www.f1news.ru/news/f1-183578.html: A request to the Telegram API was unsuccessful. Error code: 401. Description: Unauthorized
2025-08-16 13:54:21,933 ERROR   : [🛑 RED] 📡 Broadcast failure @ https://www.championat.com/auto/news-6126960-hemilton-my-vsyo-eschyo-ne-dostigli-tempa-maklarena.html: A request to the Telegram API was unsuccessful. Error code: 401. Description: Unauthorized
2025-08-16 13:54:22,020 ERROR   : [🛑 RED] 📡 Fallback failed @ https://www.championat.com/auto/news-6126960-hemilton-my-vsyo-eschyo-ne-dostigli-tempa-maklarena.html: A request to the Telegram API was unsuccessful. Error code: 401. Description: Unauthorized
2025-08-16 13:54:22,100 INFO    : [🟢 GO] 🏁 Sport-Express debrief: 0/2 updates
2025-08-16 13:54:22,638 ERROR   : [🛑 RED] 📡 Broadcast failure @ https://www.f1news.ru/news/f1-183577.html: A request to the Telegram API was unsuccessful. Error code: 401. Description: Unauthorized
2025-08-16 13:54:22,726 ERROR   : [🛑 RED] 📡 Fallback failed @ https://www.f1news.ru/news/f1-183577.html: A request to the Telegram API was unsuccessful. Error code: 401. Description: Unauthorized
2025-08-16 13:54:22,804 ERROR   : [🛑 RED] 📡 Broadcast failure @ https://www.championat.com/auto/news-6126904-v-rejsing-bullz-otmetili-navyk-hadzhara-na-primere-kvalifikacii-gran-pri-avstrii.html: A request to the Telegram API was unsuccessful. Error code: 401. Description: Unauthorized
2025-08-16 13:54:22,891 ERROR   : [🛑 RED] 📡 Fallback failed @ https://www.championat.com/auto/news-6126904-v-rejsing-bullz-otmetili-navyk-hadzhara-na-primere-kvalifikacii-gran-pri-avstrii.html: A request to the Telegram API was unsuccessful. Error code: 401. Description: Unauthorized
2025-08-16 13:54:23,509 ERROR   : [🛑 RED] 📡 Broadcast failure @ https://www.f1news.ru/news/autosport-183576.html: A request to the Telegram API was unsuccessful. Error code: 401. Description: Unauthorized
2025-08-16 13:54:23,596 ERROR   : [🛑 RED] 📡 Fallback failed @ https://www.f1news.ru/news/autosport-183576.html: A request to the Telegram API was unsuccessful. Error code: 401. Description: Unauthorized
2025-08-16 13:54:23,674 ERROR   : [🛑 RED] 📡 Broadcast failure @ https://www.championat.com/auto/news-6126888-lekler-oboznachil-celi-ferrari-na-vtoruyu-polovinu-sezona-2025.html: A request to the Telegram API was unsuccessful. Error code: 401. Description: Unauthorized
2025-08-16 13:54:23,762 ERROR   : [🛑 RED] 📡 Fallback failed @ https://www.championat.com/auto/news-6126888-lekler-oboznachil-celi-ferrari-na-vtoruyu-polovinu-sezona-2025.html: A request to the Telegram API was unsuccessful. Error code: 401. Description: Unauthorized
2025-08-16 13:54:24,380 ERROR   : [🛑 RED] 📡 Broadcast failure @ https://www.f1news.ru/news/f1-183575.html: A request to the Telegram API was unsuccessful. Error code: 401. Description: Unauthorized
2025-08-16 13:54:24,467 ERROR   : [🛑 RED] 📡 Fallback failed @ https://www.f1news.ru/news/f1-183575.html: A request to the Telegram API was unsuccessful. Error code: 401. Description: Unauthorized
2025-08-16 13:54:24,544 ERROR   : [🛑 RED] 📡 Broadcast failure @ https://www.championat.com/auto/news-6126844-direktor-rejsing-bullz-ne-lyublyu-govorit-o-vezenii-no-ot-lousona-udacha-otvernulas.html: A request to the Telegram API was unsuccessful. Error code: 401. Description: Unauthorized
2025-08-16 13:54:24,633 ERROR   : [🛑 RED] 📡 Fallback failed @ https://www.championat.com/auto/news-6126844-direktor-rejsing-bullz-ne-lyublyu-govorit-o-vezenii-no-ot-lousona-udacha-otvernulas.html: A request to the Telegram API was unsuccessful. Error code: 401. Description: Unauthorized
2025-08-16 13:54:25,250 ERROR   : [🛑 RED] 📡 Broadcast failure @ https://www.f1news.ru/news/f1-183574.html: A request to the Telegram API was unsuccessful. Error code: 401. Description: Unauthorized
2025-08-16 13:54:25,337 ERROR   : [🛑 RED] 📡 Fallback failed @ https://www.f1news.ru/news/f1-183574.html: A request to the Telegram API was unsuccessful. Error code: 401. Description: Unauthorized
2025-08-16 13:54:25,415 ERROR   : [🛑 RED] 📡 Broadcast failure @ https://www.championat.com/auto/news-6126808-video-ferstappen-sostavil-fentezi-komandu-apl-pered-sezonom-2024-2025.html: A request to the Telegram API was unsuccessful. Error code: 401. Description: Unauthorized
2025-08-16 13:54:25,503 ERROR   : [🛑 RED] 📡 Fallback failed @ https://www.championat.com/auto/news-6126808-video-ferstappen-sostavil-fentezi-komandu-apl-pered-sezonom-2024-2025.html: A request to the Telegram API was unsuccessful. Error code: 401. Description: Unauthorized
2025-08-16 13:54:26,121 ERROR   : [🛑 RED] 📡 Broadcast failure @ https://www.f1news.ru/news/autosport-183573.html: A request to the Telegram API was unsuccessful. Error code: 401. Description: Unauthorized
2025-08-16 13:54:26,217 ERROR   : [🛑 RED] 📡 Fallback failed @ https://www.f1news.ru/news/autosport-183573.html: A request to the Telegram API was unsuccessful. Error code: 401. Description: Unauthorized
2025-08-16 13:54:26,296 ERROR   : [🛑 RED] 📡 Broadcast failure @ https://www.championat.com/auto/news-6126804-vilnyov-o-kadillake-posmotrite-na-to-chto-sdelal-zauber-s-prihodom-audi-i-uitli.html: A request to the Telegram API was unsuccessful. Error code: 401. Description: Unauthorized
2025-08-16 13:54:26,384 ERROR   : [🛑 RED] 📡 Fallback failed @ https://www.championat.com/auto/news-6126804-vilnyov-o-kadillake-posmotrite-na-to-chto-sdelal-zauber-s-prihodom-audi-i-uitli.html: A request to the Telegram API was unsuccessful. Error code: 401. Description: Unauthorized
2025-08-16 13:54:26,920 INFO    : [🟢 GO] 🏁 F1News.ru debrief: 0/12 updates
2025-08-16 13:54:27,084 INFO    : [🟢 GO] 🏁 Championat debrief: 0/12 updates
2025-08-16 13:54:27,085 INFO    : [🟢 GO] 🏁 Starting formation lap (0 stored updates)
2025-08-16 13:54:27,650 ERROR   : [🛑 RED] 📡 Broadcast failure @ https://www.championat.com/auto/news-6127536-possorilsya-s-parikmaherom-i-poteryal-britvu-rikkardo-o-novom-obraze.html: A request to the Telegram API was unsuccessful. Error code: 401. Description: Unauthorized
2025-08-16 13:54:27,736 ERROR   : [🛑 RED] 📡 Fallback failed @ https://www.championat.com/auto/news-6127536-possorilsya-s-parikmaherom-i-poteryal-britvu-rikkardo-o-novom-obraze.html: A request to the Telegram API was unsuccessful. Error code: 401. Description: Unauthorized
2025-08-16 13:54:27,843 WARNING : [⚠️ YELLOW] ⚠️ HTTP 503 @ https://www.sport-express.ru/autosport/formula1/news/stalo-izvestno-kakie-dokumenty-hemilton-otpravil-ferrari-2351153/
2025-08-16 13:54:28,058 ERROR   : [🛑 RED] 📡 Broadcast failure @ https://www.f1news.ru/news/f1-183584.html: A request to the Telegram API was unsuccessful. Error code: 401. Description: Unauthorized
2025-08-16 13:54:28,149 ERROR   : [🛑 RED] 📡 Fallback failed @ https://www.f1news.ru/news/f1-183584.html: A request to the Telegram API was unsuccessful. Error code: 401. Description: Unauthorized
2025-08-16 13:54:28,519 ERROR   : [🛑 RED] 📡 Broadcast failure @ https://www.championat.com/auto/news-6127502-lekler-vassyor-ochen-zabavnyj-on-rukovodit-komandoj-blagodarya-svoemu-chuvstvu-yumora.html: A request to the Telegram API was unsuccessful. Error code: 401. Description: Unauthorized
2025-08-16 13:54:28,584 WARNING : [⚠️ YELLOW] ⚠️ HTTP 503 @ https://www.sport-express.ru/autosport/formula1/news/stalo-izvestno-kakie-dokumenty-hemilton-otpravil-ferrari-2351153/
2025-08-16 13:54:28,605 ERROR   : [🛑 RED] 📡 Fallback failed @ https://www.championat.com/auto/news-6127502-lekler-vassyor-ochen-zabavnyj-on-rukovodit-komandoj-blagodarya-svoemu-chuvstvu-yumora.html: A request to the Telegram API was unsuccessful. Error code: 401. Description: Unauthorized
2025-08-16 13:54:28,931 ERROR   : [🛑 RED] 📡 Broadcast failure @ https://www.f1news.ru/news/f1-183583.html: A request to the Telegram API was unsuccessful. Error code: 401. Description: Unauthorized
2025-08-16 13:54:29,018 ERROR   : [🛑 RED] 📡 Fallback failed @ https://www.f1news.ru/news/f1-183583.html: A request to the Telegram API was unsuccessful. Error code: 401. Description: Unauthorized
2025-08-16 13:54:29,393 ERROR   : [🛑 RED] 📡 Broadcast failure @ https://www.championat.com/auto/news-6127348-norris-o-borbe-za-titul-poka-predostavlyal-sebe-ne-samye-luchshie-vozmozhnosti.html: A request to the Telegram API was unsuccessful. Error code: 401. Description: Unauthorized
2025-08-16 13:54:29,480 ERROR   : [🛑 RED] 📡 Fallback failed @ https://www.championat.com/auto/news-6127348-norris-o-borbe-za-titul-poka-predostavlyal-sebe-ne-samye-luchshie-vozmozhnosti.html: A request to the Telegram API was unsuccessful. Error code: 401. Description: Unauthorized
2025-08-16 13:54:29,801 ERROR   : [🛑 RED] 📡 Broadcast failure @ https://www.f1news.ru/news/f1-183582.html: A request to the Telegram API was unsuccessful. Error code: 401. Description: Unauthorized
2025-08-16 13:54:29,888 ERROR   : [🛑 RED] 📡 Fallback failed @ https://www.f1news.ru/news/f1-183582.html: A request to the Telegram API was unsuccessful. Error code: 401. Description: Unauthorized
2025-08-16 13:54:29,925 WARNING : [⚠️ YELLOW] ⚠️ HTTP 503 @ https://www.sport-express.ru/autosport/formula1/news/stalo-izvestno-kakie-dokumenty-hemilton-otpravil-ferrari-2351153/
2025-08-16 13:54:30,005 ERROR   : [🛑 RED] 📡 Broadcast failure @ https://www.sport-express.ru/autosport/formula1/news/stalo-izvestno-kakie-dokumenty-hemilton-otpravil-ferrari-2351153/: A request to the Telegram API was unsuccessful. Error code: 401. Description: Unauthorized
2025-08-16 13:54:30,096 ERROR   : [🛑 RED] 📡 Fallback failed @ https://www.sport-express.ru/autosport/formula1/news/stalo-izvestno-kakie-dokumenty-hemilton-otpravil-ferrari-2351153/: A request to the Telegram API was unsuccessful. Error code: 401. Description: Unauthorized
2025-08-16 13:54:30,262 ERROR   : [🛑 RED] 📡 Broadcast failure @ https://www.championat.com/auto/news-6127252-lekler-osoznanie-chto-vassyor-budet-ryadom-so-mnoj-dolgie-gody-vselyaet-optimizm.html: A request to the Telegram API was unsuccessful. Error code: 401. Description: Unauthorized
2025-08-16 13:54:30,350 ERROR   : [🛑 RED] 📡 Fallback failed @ https://www.championat.com/auto/news-6127252-lekler-osoznanie-chto-vassyor-budet-ryadom-so-mnoj-dolgie-gody-vselyaet-optimizm.html: A request to the Telegram API was unsuccessful. Error code: 401. Description: Unauthorized
2025-08-16 13:54:30,671 ERROR   : [🛑 RED] 📡 Broadcast failure @ https://www.f1news.ru/news/f1-183581.html: A request to the Telegram API was unsuccessful. Error code: 401. Description: Unauthorized
2025-08-16 13:54:30,759 ERROR   : [🛑 RED] 📡 Fallback failed @ https://www.f1news.ru/news/f1-183581.html: A request to the Telegram API was unsuccessful. Error code: 401. Description: Unauthorized
2025-08-16 13:54:31,132 ERROR   : [🛑 RED] 📡 Broadcast failure @ https://www.championat.com/auto/news-6127230-vyhodit-za-ramki-populyarnyj-veduschij-opisal-rabotu-s-ferstappenom.html: A request to the Telegram API was unsuccessful. Error code: 401. Description: Unauthorized
2025-08-16 13:54:31,218 WARNING : [⚠️ YELLOW] ⚠️ HTTP 503 @ https://www.sport-express.ru/autosport/formula1/news/ekklstoun-zayavil-chto-mechtal-provesti-gonku-formuly-1-na-krasnoy-ploschadi-2350835/
2025-08-16 13:54:31,221 ERROR   : [🛑 RED] 📡 Fallback failed @ https://www.championat.com/auto/news-6127230-vyhodit-za-ramki-populyarnyj-veduschij-opisal-rabotu-s-ferstappenom.html: A request to the Telegram API was unsuccessful. Error code: 401. Description: Unauthorized
2025-08-16 13:54:31,543 ERROR   : [🛑 RED] 📡 Broadcast failure @ https://www.f1news.ru/news/f1-183580.html: A request to the Telegram API was unsuccessful. Error code: 401. Description: Unauthorized
2025-08-16 13:54:31,632 ERROR   : [🛑 RED] 📡 Fallback failed @ https://www.f1news.ru/news/f1-183580.html: A request to the Telegram API was unsuccessful. Error code: 401. Description: Unauthorized
2025-08-16 13:54:31,961 WARNING : [⚠️ YELLOW] ⚠️ HTTP 503 @ https://www.sport-express.ru/autosport/formula1/news/ekklstoun-zayavil-chto-mechtal-provesti-gonku-formuly-1-na-krasnoy-ploschadi-2350835/
2025-08-16 13:54:32,019 ERROR   : [🛑 RED] 📡 Broadcast failure @ https://www.championat.com/auto/news-6126998-vot-pochemu-podpisal-kontrakt-hemilton-o-rabote-v-ferrari.html: A request to the Telegram API was unsuccessful. Error code: 401. Description: Unauthorized
2025-08-16 13:54:32,106 ERROR   : [🛑 RED] 📡 Fallback failed @ https://www.championat.com/auto/news-6126998-vot-pochemu-podpisal-kontrakt-hemilton-o-rabote-v-ferrari.html: A request to the Telegram API was unsuccessful. Error code: 401. Description: Unauthorized
2025-08-16 13:54:32,414 ERROR   : [🛑 RED] 📡 Broadcast failure @ https://www.f1news.ru/news/f1-183579.html: A request to the Telegram API was unsuccessful. Error code: 401. Description: Unauthorized
2025-08-16 13:54:32,503 ERROR   : [🛑 RED] 📡 Fallback failed @ https://www.f1news.ru/news/f1-183579.html: A request to the Telegram API was unsuccessful. Error code: 401. Description: Unauthorized
2025-08-16 13:54:32,888 ERROR   : [🛑 RED] 📡 Broadcast failure @ https://www.championat.com/auto/news-6126960-hemilton-my-vsyo-eschyo-ne-dostigli-tempa-maklarena.html: A request to the Telegram API was unsuccessful. Error code: 401. Description: Unauthorized
2025-08-16 13:54:32,978 ERROR   : [🛑 RED] 📡 Fallback failed @ https://www.championat.com/auto/news-6126960-hemilton-my-vsyo-eschyo-ne-dostigli-tempa-maklarena.html: A request to the Telegram API was unsuccessful. Error code: 401. Description: Unauthorized
2025-08-16 13:54:33,285 ERROR   : [🛑 RED] 📡 Broadcast failure @ https://www.f1news.ru/news/f1-183578.html: A request to the Telegram API was unsuccessful. Error code: 401. Description: Unauthorized
2025-08-16 13:54:33,302 WARNING : [⚠️ YELLOW] ⚠️ HTTP 503 @ https://www.sport-express.ru/autosport/formula1/news/ekklstoun-zayavil-chto-mechtal-provesti-gonku-formuly-1-na-krasnoy-ploschadi-2350835/
2025-08-16 13:54:33,372 ERROR   : [🛑 RED] 📡 Fallback failed @ https://www.f1news.ru/news/f1-183578.html: A request to the Telegram API was unsuccessful. Error code: 401. Description: Unauthorized
2025-08-16 13:54:33,382 ERROR   : [🛑 RED] 📡 Broadcast failure @ https://www.sport-express.ru/autosport/formula1/news/ekklstoun-zayavil-chto-mechtal-provesti-gonku-formuly-1-na-krasnoy-ploschadi-2350835/: A request to the Telegram API was unsuccessful. Error code: 401. Description: Unauthorized
2025-08-16 13:54:33,468 ERROR   : [🛑 RED] 📡 Fallback failed @ https://www.sport-express.ru/autosport/formula1/news/ekklstoun-zayavil-chto-mechtal-provesti-gonku-formuly-1-na-krasnoy-ploschadi-2350835/: A request to the Telegram API was unsuccessful. Error code: 401. Description: Unauthorized
2025-08-16 13:54:33,760 ERROR   : [🛑 RED] 📡 Broadcast failure @ https://www.championat.com/auto/news-6126904-v-rejsing-bullz-otmetili-navyk-hadzhara-na-primere-kvalifikacii-gran-pri-avstrii.html: A request to the Telegram API was unsuccessful. Error code: 401. Description: Unauthorized
2025-08-16 13:54:33,849 ERROR   : [🛑 RED] 📡 Fallback failed @ https://www.championat.com/auto/news-6126904-v-rejsing-bullz-otmetili-navyk-hadzhara-na-primere-kvalifikacii-gran-pri-avstrii.html: A request to the Telegram API was unsuccessful. Error code: 401. Description: Unauthorized
2025-08-16 13:54:34,154 ERROR   : [🛑 RED] 📡 Broadcast failure @ https://www.f1news.ru/news/f1-183577.html: A request to the Telegram API was unsuccessful. Error code: 401. Description: Unauthorized
2025-08-16 13:54:34,169 INFO    : [🟢 GO] 🏁 Sport-Express debrief: 0/2 updates
2025-08-16 13:54:34,242 ERROR   : [🛑 RED] 📡 Fallback failed @ https://www.f1news.ru/news/f1-183577.html: A request to the Telegram API was unsuccessful. Error code: 401. Description: Unauthorized
2025-08-16 13:54:34,632 ERROR   : [🛑 RED] 📡 Broadcast failure @ https://www.championat.com/auto/news-6126888-lekler-oboznachil-celi-ferrari-na-vtoruyu-polovinu-sezona-2025.html: A request to the Telegram API was unsuccessful. Error code: 401. Description: Unauthorized
2025-08-16 13:54:34,718 ERROR   : [🛑 RED] 📡 Fallback failed @ https://www.championat.com/auto/news-6126888-lekler-oboznachil-celi-ferrari-na-vtoruyu-polovinu-sezona-2025.html: A request to the Telegram API was unsuccessful. Error code: 401. Description: Unauthorized
2025-08-16 13:54:35,024 ERROR   : [🛑 RED] 📡 Broadcast failure @ https://www.f1news.ru/news/autosport-183576.html: A request to the Telegram API was unsuccessful. Error code: 401. Description: Unauthorized
2025-08-16 13:54:35,112 ERROR   : [🛑 RED] 📡 Fallback failed @ https://www.f1news.ru/news/autosport-183576.html: A request to the Telegram API was unsuccessful. Error code: 401. Description: Unauthorized
2025-08-16 13:54:35,500 ERROR   : [🛑 RED] 📡 Broadcast failure @ https://www.championat.com/auto/news-6126844-direktor-rejsing-bullz-ne-lyublyu-govorit-o-vezenii-no-ot-lousona-udacha-otvernulas.html: A request to the Telegram API was unsuccessful. Error code: 401. Description: Unauthorized
2025-08-16 13:54:35,589 ERROR   : [🛑 RED] 📡 Fallback failed @ https://www.championat.com/auto/news-6126844-direktor-rejsing-bullz-ne-lyublyu-govorit-o-vezenii-no-ot-lousona-udacha-otvernulas.html: A request to the Telegram API was unsuccessful. Error code: 401. Description: Unauthorized
2025-08-16 13:54:35,894 ERROR   : [🛑 RED] 📡 Broadcast failure @ https://www.f1news.ru/news/f1-183575.html: A request to the Telegram API was unsuccessful. Error code: 401. Description: Unauthorized
2025-08-16 13:54:35,981 ERROR   : [🛑 RED] 📡 Fallback failed @ https://www.f1news.ru/news/f1-183575.html: A request to the Telegram API was unsuccessful. Error code: 401. Description: Unauthorized
2025-08-16 13:54:36,373 ERROR   : [🛑 RED] 📡 Broadcast failure @ https://www.championat.com/auto/news-6126808-video-ferstappen-sostavil-fentezi-komandu-apl-pered-sezonom-2024-2025.html: A request to the Telegram API was unsuccessful. Error code: 401. Description: Unauthorized
2025-08-16 13:54:36,460 ERROR   : [🛑 RED] 📡 Fallback failed @ https://www.championat.com/auto/news-6126808-video-ferstappen-sostavil-fentezi-komandu-apl-pered-sezonom-2024-2025.html: A request to the Telegram API was unsuccessful. Error code: 401. Description: Unauthorized
2025-08-16 13:54:36,764 ERROR   : [🛑 RED] 📡 Broadcast failure @ https://www.f1news.ru/news/f1-183574.html: A request to the Telegram API was unsuccessful. Error code: 401. Description: Unauthorized
2025-08-16 13:54:36,850 ERROR   : [🛑 RED] 📡 Fallback failed @ https://www.f1news.ru/news/f1-183574.html: A request to the Telegram API was unsuccessful. Error code: 401. Description: Unauthorized
2025-08-16 13:54:37,242 ERROR   : [🛑 RED] 📡 Broadcast failure @ https://www.championat.com/auto/news-6126804-vilnyov-o-kadillake-posmotrite-na-to-chto-sdelal-zauber-s-prihodom-audi-i-uitli.html: A request to the Telegram API was unsuccessful. Error code: 401. Description: Unauthorized
2025-08-16 13:54:37,330 ERROR   : [🛑 RED] 📡 Fallback failed @ https://www.championat.com/auto/news-6126804-vilnyov-o-kadillake-posmotrite-na-to-chto-sdelal-zauber-s-prihodom-audi-i-uitli.html: A request to the Telegram API was unsuccessful. Error code: 401. Description: Unauthorized
2025-08-16 13:54:37,633 ERROR   : [🛑 RED] 📡 Broadcast failure @ https://www.f1news.ru/news/autosport-183573.html: A request to the Telegram API was unsuccessful. Error code: 401. Description: Unauthorized
2025-08-16 13:54:37,722 ERROR   : [🛑 RED] 📡 Fallback failed @ https://www.f1news.ru/news/autosport-183573.html: A request to the Telegram API was unsuccessful. Error code: 401. Description: Unauthorized
2025-08-16 13:54:38,031 INFO    : [🟢 GO] 🏁 Championat debrief: 0/12 updates
2025-08-16 13:54:38,423 INFO    : [🟢 GO] 🏁 F1News.ru debrief: 0/12 updates
2025-08-16 13:54:38,424 INFO    : [🟢 GO] ✅ Pit stop complete! Lap: 11.3s | Updates: 0 | Garage size: 0
